-------------------------------------------------------------------------------
Test set: com.home.runner.cucumberTest
-------------------------------------------------------------------------------
Tests run: 2, Failures: 1, Errors: 0, Skipped: 0, Time elapsed: 0.569 sec <<< FAILURE! - in com.home.runner.cucumberTest
Addition of two numbers(Airthmethic Operations)  Time elapsed: 0.037 sec  <<< FAILURE!
java.lang.AssertionError: Sum is incorrect

