<?xml version="1.0" encoding="UTF-8"?>
<testng-results skipped="0" failed="0" ignored="0" total="2" passed="2">
  <reporter-output>
  </reporter-output>
  <suite name="Command line suite" duration-ms="30567" started-at="2020-04-17T22:22:51 IST" finished-at="2020-04-17T22:23:22 IST">
    <groups>
    </groups>
    <test name="Command line test" duration-ms="30567" started-at="2020-04-17T22:22:51 IST" finished-at="2020-04-17T22:23:22 IST">
      <class name="com.home.tests.LoginTest">
        <test-method status="PASS" signature="setUp()[pri:0, instance:com.home.tests.LoginTest@7cd62f43]" name="setUp" is-config="true" duration-ms="10481" started-at="2020-04-17T22:22:51 IST" finished-at="2020-04-17T22:23:02 IST">
          <reporter-output>
          </reporter-output>
        </test-method> <!-- setUp -->
        <test-method status="PASS" signature="verifyHomePage()[pri:1, instance:com.home.tests.LoginTest@7cd62f43]" name="verifyHomePage" duration-ms="148" started-at="2020-04-17T22:23:02 IST" finished-at="2020-04-17T22:23:02 IST">
          <reporter-output>
          </reporter-output>
        </test-method> <!-- verifyHomePage -->
        <test-method status="PASS" signature="tearDown()[pri:0, instance:com.home.tests.LoginTest@7cd62f43]" name="tearDown" is-config="true" duration-ms="754" started-at="2020-04-17T22:23:02 IST" finished-at="2020-04-17T22:23:03 IST">
          <reporter-output>
          </reporter-output>
        </test-method> <!-- tearDown -->
        <test-method status="PASS" signature="setUp()[pri:0, instance:com.home.tests.LoginTest@7cd62f43]" name="setUp" is-config="true" duration-ms="9538" started-at="2020-04-17T22:23:03 IST" finished-at="2020-04-17T22:23:12 IST">
          <reporter-output>
          </reporter-output>
        </test-method> <!-- setUp -->
        <test-method status="PASS" signature="verifyLogin()[pri:2, instance:com.home.tests.LoginTest@7cd62f43]" name="verifyLogin" duration-ms="8287" started-at="2020-04-17T22:23:12 IST" finished-at="2020-04-17T22:23:21 IST">
          <reporter-output>
          </reporter-output>
        </test-method> <!-- verifyLogin -->
        <test-method status="PASS" signature="tearDown()[pri:0, instance:com.home.tests.LoginTest@7cd62f43]" name="tearDown" is-config="true" duration-ms="808" started-at="2020-04-17T22:23:21 IST" finished-at="2020-04-17T22:23:21 IST">
          <reporter-output>
          </reporter-output>
        </test-method> <!-- tearDown -->
      </class> <!-- com.home.tests.LoginTest -->
      <class name="com.home.tests.TestSetup">
        <test-method status="PASS" signature="Reporter()[pri:0, instance:com.home.tests.TestSetup@6a41eaa2]" name="Reporter" is-config="true" duration-ms="186" started-at="2020-04-17T22:22:51 IST" finished-at="2020-04-17T22:22:51 IST">
          <reporter-output>
          </reporter-output>
        </test-method> <!-- Reporter -->
        <test-method status="PASS" signature="FlushReport()[pri:0, instance:com.home.tests.TestSetup@6a41eaa2]" name="FlushReport" is-config="true" duration-ms="323" started-at="2020-04-17T22:23:21 IST" finished-at="2020-04-17T22:23:22 IST">
          <reporter-output>
          </reporter-output>
        </test-method> <!-- FlushReport -->
      </class> <!-- com.home.tests.TestSetup -->
    </test> <!-- Command line test -->
  </suite> <!-- Command line suite -->
</testng-results>
