<?xml version="1.0" encoding="UTF-8"?>
<testng-results skipped="0" failed="0" ignored="0" total="2" passed="2">
  <reporter-output>
  </reporter-output>
  <suite name="Default suite" duration-ms="25820" started-at="2020-04-12T20:55:24 IST" finished-at="2020-04-12T20:55:50 IST">
    <groups>
    </groups>
    <test name="Default test" duration-ms="25820" started-at="2020-04-12T20:55:24 IST" finished-at="2020-04-12T20:55:50 IST">
      <class name="com.home.tests.LoginTest">
        <test-method status="PASS" signature="setUp()[pri:0, instance:com.home.tests.LoginTest@6c49835d]" name="setUp" is-config="true" duration-ms="8640" started-at="2020-04-12T20:55:24 IST" finished-at="2020-04-12T20:55:33 IST">
          <reporter-output>
          </reporter-output>
        </test-method> <!-- setUp -->
        <test-method status="PASS" signature="verifyHomePage()[pri:1, instance:com.home.tests.LoginTest@6c49835d]" name="verifyHomePage" duration-ms="532" started-at="2020-04-12T20:55:33 IST" finished-at="2020-04-12T20:55:33 IST">
          <reporter-output>
          </reporter-output>
        </test-method> <!-- verifyHomePage -->
        <test-method status="PASS" signature="tearDown()[pri:0, instance:com.home.tests.LoginTest@6c49835d]" name="tearDown" is-config="true" duration-ms="778" started-at="2020-04-12T20:55:33 IST" finished-at="2020-04-12T20:55:34 IST">
          <reporter-output>
          </reporter-output>
        </test-method> <!-- tearDown -->
        <test-method status="PASS" signature="setUp()[pri:0, instance:com.home.tests.LoginTest@6c49835d]" name="setUp" is-config="true" duration-ms="7401" started-at="2020-04-12T20:55:34 IST" finished-at="2020-04-12T20:55:42 IST">
          <reporter-output>
          </reporter-output>
        </test-method> <!-- setUp -->
        <test-method status="PASS" signature="verifyLogin()[pri:2, instance:com.home.tests.LoginTest@6c49835d]" name="verifyLogin" duration-ms="7102" started-at="2020-04-12T20:55:42 IST" finished-at="2020-04-12T20:55:49 IST">
          <reporter-output>
          </reporter-output>
        </test-method> <!-- verifyLogin -->
        <test-method status="PASS" signature="tearDown()[pri:0, instance:com.home.tests.LoginTest@6c49835d]" name="tearDown" is-config="true" duration-ms="1193" started-at="2020-04-12T20:55:49 IST" finished-at="2020-04-12T20:55:50 IST">
          <reporter-output>
          </reporter-output>
        </test-method> <!-- tearDown -->
      </class> <!-- com.home.tests.LoginTest -->
      <class name="com.home.tests.TestSetup">
        <test-method status="PASS" signature="Reporter()[pri:0, instance:com.home.tests.TestSetup@5a8806ef]" name="Reporter" is-config="true" duration-ms="120" started-at="2020-04-12T20:55:24 IST" finished-at="2020-04-12T20:55:24 IST">
          <reporter-output>
          </reporter-output>
        </test-method> <!-- Reporter -->
      </class> <!-- com.home.tests.TestSetup -->
    </test> <!-- Default test -->
  </suite> <!-- Default suite -->
</testng-results>
