<?xml version="1.0" encoding="UTF-8"?>
<testng-results skipped="0" failed="0" ignored="0" total="1" passed="1">
  <reporter-output>
  </reporter-output>
  <suite name="Default suite" duration-ms="2599" started-at="2020-03-31T21:27:03 IST" finished-at="2020-03-31T21:27:06 IST">
    <groups>
    </groups>
    <test name="Default test" duration-ms="2599" started-at="2020-03-31T21:27:03 IST" finished-at="2020-03-31T21:27:06 IST">
      <class name="com.home.RestGetAPITest">
        <test-method status="PASS" signature="getRequest()[pri:0, instance:com.home.RestGetAPITest@731a74c]" name="getRequest" duration-ms="2533" started-at="2020-03-31T21:27:03 IST" finished-at="2020-03-31T21:27:06 IST">
          <reporter-output>
          </reporter-output>
        </test-method> <!-- getRequest -->
      </class> <!-- com.home.RestGetAPITest -->
    </test> <!-- Default test -->
  </suite> <!-- Default suite -->
</testng-results>
